modulo_10/MiVigesimaCuartaApp/app/build/intermediates/manifest_merge_blame_file/debug/manifest-merger-blame-debug-report.txt
1<?xml version="1.0" encoding="utf-8"?>
2<manifest xmlns:android="http://schemas.android.com/apk/res/android"
3    package="com.curso_simulaciones.mivigesimacuartaapp"
4    android:versionCode="1"
5    android:versionName="1.0" >
6
7    <uses-sdk
8        android:minSdkVersion="21"
8-->src\main\AndroidManifest.xml
9        android:targetSdkVersion="33" />
9-->src\main\AndroidManifest.xml
10
11    <application
11-->src\main\AndroidManifest.xml:6:5-39:19
12        android:allowBackup="true"
12-->src\main\AndroidManifest.xml:7:9-35
13        android:appComponentFactory="android.support.v4.app.CoreComponentFactory"
13-->[com.android.support:support-compat:28.0.0] AndroidManifest.xml:22:18-91
14        android:dataExtractionRules="@xml/data_extraction_rules"
14-->src\main\AndroidManifest.xml:8:9-65
15        android:debuggable="true"
16        android:fullBackupContent="@xml/backup_rules"
16-->src\main\AndroidManifest.xml:9:9-54
17        android:icon="@mipmap/ic_launcher"
17-->src\main\AndroidManifest.xml:10:9-43
18        android:label="@string/app_name"
18-->src\main\AndroidManifest.xml:11:9-41
19        android:roundIcon="@mipmap/ic_launcher_round"
19-->src\main\AndroidManifest.xml:12:9-54
20        android:supportsRtl="true"
20-->src\main\AndroidManifest.xml:13:9-35
21        android:theme="@style/Theme.MiVigesimaCuartaApp" >
21-->src\main\AndroidManifest.xml:14:9-57
22
23        <!-- Declarar la actividad que lanzara la aplicación -->
24        <activity
24-->src\main\AndroidManifest.xml:18:9-29:20
25            android:name="com.curso_simulaciones.mivigesimacuartaapp.ActividadPrincipalMiVigesimaCuartaApp"
25-->src\main\AndroidManifest.xml:18:19-114
26            android:configChanges="screenSize|orientation"
26-->src\main\AndroidManifest.xml:20:13-59
27            android:exported="true"
27-->src\main\AndroidManifest.xml:22:13-36
28            android:screenOrientation="portrait"
28-->src\main\AndroidManifest.xml:21:13-49
29            android:theme="@android:style/Theme.NoTitleBar.Fullscreen" >
29-->src\main\AndroidManifest.xml:19:13-71
30            <intent-filter>
30-->src\main\AndroidManifest.xml:24:13-27:29
31                <action android:name="android.intent.action.MAIN" />
31-->src\main\AndroidManifest.xml:25:17-69
31-->src\main\AndroidManifest.xml:25:25-66
32
33                <category android:name="android.intent.category.LAUNCHER" />
33-->src\main\AndroidManifest.xml:26:17-77
33-->src\main\AndroidManifest.xml:26:27-74
34            </intent-filter>
35        </activity>
36
37        <!-- declarando otras actividades -->
38        <activity
38-->src\main\AndroidManifest.xml:32:9-36:20
39            android:name="com.curso_simulaciones.mivigesimacuartaapp.controlador.ActividadControladora"
39-->src\main\AndroidManifest.xml:33:13-62
40            android:screenOrientation="landscape"
40-->src\main\AndroidManifest.xml:35:13-50
41            android:theme="@android:style/Theme.NoTitleBar.Fullscreen" >
41-->src\main\AndroidManifest.xml:34:13-71
42        </activity>
43    </application>
44
45</manifest>